<?xml version="1.0" encoding="UTF-8"?>
<coverage generated="1640333782870" clover="3.2.0">
  <project timestamp="1640333782871" name="All files">
    <metrics statements="2" coveredstatements="2" conditionals="0" coveredconditionals="0" methods="2" coveredmethods="2" elements="4" coveredelements="4" complexity="0" loc="2" ncloc="2" packages="1" files="1" classes="1"/>
    <file name="counter.js" path="C:\Users\HFC\Desktop\Microverse-projects\JavaScript-Capstone\src\counter.js">
      <metrics statements="2" coveredstatements="2" conditionals="0" coveredconditionals="0" methods="2" coveredmethods="2"/>
      <line num="1" count="1" type="stmt"/>
      <line num="2" count="1" type="stmt"/>
    </file>
  </project>
</coverage>
