{"C:\\Users\\HFC\\Desktop\\Microverse-projects\\JavaScript-Capstone\\src\\counter.js": {"path":"C:\\Users\\HFC\\Desktop\\Microverse-projects\\JavaScript-Capstone\\src\\counter.js","statementMap":{"0":{"start":{"line":1,"column":16},"end":{"line":2,"column":38}},"1":{"start":{"line":1,"column":46},"end":{"line":2,"column":38}},"2":{"start":{"line":2,"column":22},"end":{"line":2,"column":36}}},"fnMap":{"0":{"name":"(anonymous_0)","decl":{"start":{"line":1,"column":16},"end":{"line":1,"column":17}},"loc":{"start":{"line":1,"column":46},"end":{"line":2,"column":38}},"line":1},"1":{"name":"(anonymous_1)","decl":{"start":{"line":2,"column":8},"end":{"line":2,"column":9}},"loc":{"start":{"line":2,"column":22},"end":{"line":2,"column":36}},"line":2}},"branchMap":{},"s":{"0":1,"1":1,"2":1},"f":{"0":1,"1":1},"b":{},"_coverageSchema":"1a1c01bbd47fc00a2c39e90264f33305004495a9","hash":"ecfa974960d9c1d24c7e9c400feac84d28ca48be"}
}
